{
  "RSpec": {
    "coverage": {
      "/Users/megantalbot/turing/3module/projects/It-takes-a-village/app/helpers/application_helper.rb": [
        1,
        null
      ],
      "/Users/megantalbot/turing/3module/projects/It-takes-a-village/app/models/user.rb": [
        1,
        1,
        null,
        null,
        null,
        1,
        null,
        1,
        null,
        null,
        null,
        null,
        null,
        null,
        null,
        null,
        null,
        1,
        null,
        null
      ],
      "/Users/megantalbot/turing/3module/projects/It-takes-a-village/app/models/application_record.rb": [
        1,
        1,
        null
      ],
      "/Users/megantalbot/turing/3module/projects/It-takes-a-village/app/controllers/landing_controller.rb": [
        1,
        null,
        1,
        null,
        null,
        null
      ],
      "/Users/megantalbot/turing/3module/projects/It-takes-a-village/app/controllers/application_controller.rb": [
        1,
        1,
        null,
        1,
        null,
        1,
        17,
        null,
        null,
        null
      ],
      "/Users/megantalbot/turing/3module/projects/It-takes-a-village/app/controllers/users_controller.rb": [
        1,
        null,
        1,
        null,
        1,
        null,
        null,
        null,
        1,
        3,
        3,
        null,
        null,
        1,
        2,
        2,
        1,
        1,
        1,
        null,
        1,
        1,
        1,
        null,
        null,
        null,
        1,
        null,
        null,
        null,
        1,
        1,
        1,
        1,
        null,
        0,
        0,
        null,
        null,
        null,
        1,
        null,
        1,
        2,
        null,
        null,
        null,
        null,
        null,
        null,
        null,
        null,
        null,
        null,
        null,
        null,
        null,
        null,
        1,
        8,
        null,
        null,
        null
      ],
      "/Users/megantalbot/turing/3module/projects/It-takes-a-village/app/models/category.rb": [
        1,
        null,
        null,
        null,
        1,
        null,
        1,
        null
      ],
      "/Users/megantalbot/turing/3module/projects/It-takes-a-village/app/controllers/sessions_controller.rb": [
        1,
        null,
        1,
        null,
        null,
        1,
        3,
        3,
        2,
        2,
        2,
        null,
        1,
        1,
        null,
        null,
        null,
        1,
        1,
        1,
        1,
        null,
        null,
        null
      ]
    },
    "timestamp": 1483479503
  }
}
